<?xml version="1.0" encoding="UTF-8"?>
<testsuite name="org.example.ReflectionTest" tests="1" skipped="0" failures="0" errors="0" timestamp="2023-02-26T15:52:02" hostname="jeonsangjun-ui-MacBookPro.local" time="0.079">
  <properties/>
  <testcase name="load()" classname="org.example.ReflectionTest" time="0.079"/>
  <system-out><![CDATA[00:52:03.012 [Test worker] DEBUG org.example.ReflectionTest - clazz: [class org.example.model.User]
00:52:03.016 [Test worker] DEBUG org.example.ReflectionTest - clazz2: [class org.example.model.User]
00:52:03.016 [Test worker] DEBUG org.example.ReflectionTest - clazz3: [class org.example.model.User]
]]></system-out>
  <system-err><![CDATA[]]></system-err>
</testsuite>
